Build started 10/30/2014 11:58:34 PM.
     1>Project "C:\Users\weijin\Documents\GitHub\CanvasEngine\CanvasEngine\CanvasEngine.vcxproj" on node 2 (Build target(s)).
     1>ClCompile:
         C:\Program Files (x86)\Microsoft Visual Studio 11.0\VC\bin\CL.exe /c /ZI /nologo /W3 /WX- /sdl /Od /Oy- /D _MBCS /D _MBCS /D _CRT_SECURE_NO_WARNINGS /Gm /EHsc /RTC1 /MDd /GS /fp:precise /Zc:wchar_t /Zc:forScope /Fo"Debug\\" /Fd"Debug\vc110.pdb" /Gd /TP /analyze- /errorReport:prompt CVS_2DTools.cpp CVS_GUI.cpp CVS_RenderComponent.cpp CVS_RenderProgram.cpp CVS_RenderSystem.cpp CVS_Window.cpp CVS_World.cpp Canvas.cpp main.cpp
         main.cpp
         GLM: rotateZ function taking degrees as parameters is deprecated. #define GLM_FORCE_RADIANS before including GLM headers to remove this message.
     1>c:\users\weijin\documents\github\canvasengine\canvasengine\canvas.h(44): warning C4099: 'CVS_App' : type name first seen using 'struct' now seen using 'class'
                 c:\users\weijin\documents\github\canvasengine\canvasengine\canvas.h(10) : see declaration of 'CVS_App'
     1>c:\users\weijin\documents\github\canvasengine\canvasengine\canvas.h(52): warning C4099: 'Editor' : type name first seen using 'struct' now seen using 'class'
                 c:\users\weijin\documents\github\canvasengine\canvasengine\canvas.h(11) : see declaration of 'Editor'
         Canvas.cpp
         GLM: rotateZ function taking degrees as parameters is deprecated. #define GLM_FORCE_RADIANS before including GLM headers to remove this message.
     1>c:\users\weijin\documents\github\canvasengine\canvasengine\canvas.h(44): warning C4099: 'CVS_App' : type name first seen using 'struct' now seen using 'class'
                 c:\users\weijin\documents\github\canvasengine\canvasengine\canvas.h(10) : see declaration of 'CVS_App'
     1>c:\users\weijin\documents\github\canvasengine\canvasengine\canvas.h(52): warning C4099: 'Editor' : type name first seen using 'struct' now seen using 'class'
                 c:\users\weijin\documents\github\canvasengine\canvasengine\canvas.h(11) : see declaration of 'Editor'
         CVS_World.cpp
         CVS_Window.cpp
         GLM: rotateZ function taking degrees as parameters is deprecated. #define GLM_FORCE_RADIANS before including GLM headers to remove this message.
     1>c:\users\weijin\documents\github\canvasengine\canvasengine\canvas.h(44): warning C4099: 'CVS_App' : type name first seen using 'struct' now seen using 'class'
                 c:\users\weijin\documents\github\canvasengine\canvasengine\canvas.h(10) : see declaration of 'CVS_App'
     1>c:\users\weijin\documents\github\canvasengine\canvasengine\canvas.h(52): warning C4099: 'Editor' : type name first seen using 'struct' now seen using 'class'
                 c:\users\weijin\documents\github\canvasengine\canvasengine\canvas.h(11) : see declaration of 'Editor'
     1>c:\users\weijin\documents\github\canvasengine\canvasengine\cvs_window.cpp(287): warning C4060: switch statement contains no 'case' or 'default' labels
     1>c:\users\weijin\documents\github\canvasengine\canvasengine\cvs_window.cpp(334): warning C4060: switch statement contains no 'case' or 'default' labels
         CVS_RenderSystem.cpp
         GLM: rotateZ function taking degrees as parameters is deprecated. #define GLM_FORCE_RADIANS before including GLM headers to remove this message.
     1>c:\users\weijin\documents\github\canvasengine\canvasengine\canvas.h(44): warning C4099: 'CVS_App' : type name first seen using 'struct' now seen using 'class'
                 c:\users\weijin\documents\github\canvasengine\canvasengine\canvas.h(10) : see declaration of 'CVS_App'
     1>c:\users\weijin\documents\github\canvasengine\canvasengine\canvas.h(52): warning C4099: 'Editor' : type name first seen using 'struct' now seen using 'class'
                 c:\users\weijin\documents\github\canvasengine\canvasengine\canvas.h(11) : see declaration of 'Editor'
         CVS_RenderProgram.cpp
         CVS_RenderComponent.cpp
         CVS_GUI.cpp
         GLM: rotateZ function taking degrees as parameters is deprecated. #define GLM_FORCE_RADIANS before including GLM headers to remove this message.
     1>c:\users\weijin\documents\github\canvasengine\canvasengine\canvas.h(44): warning C4099: 'CVS_App' : type name first seen using 'struct' now seen using 'class'
                 c:\users\weijin\documents\github\canvasengine\canvasengine\canvas.h(10) : see declaration of 'CVS_App'
     1>c:\users\weijin\documents\github\canvasengine\canvasengine\canvas.h(52): warning C4099: 'Editor' : type name first seen using 'struct' now seen using 'class'
                 c:\users\weijin\documents\github\canvasengine\canvasengine\canvas.h(11) : see declaration of 'Editor'
     1>c:\users\weijin\documents\github\canvasengine\canvasengine\cvs_gui.cpp(12): warning C4101: 'i' : unreferenced local variable
     1>c:\users\weijin\documents\github\canvasengine\canvasengine\cvs_gui.cpp(6): warning C4101: 'rcClient' : unreferenced local variable
     1>c:\users\weijin\documents\github\canvasengine\canvasengine\cvs_gui.cpp(14): warning C4101: 'achTemp' : unreferenced local variable
     1>c:\users\weijin\documents\github\canvasengine\canvasengine\cvs_gui.cpp(10): warning C4101: 'tie' : unreferenced local variable
         CVS_2DTools.cpp
         Generating Code...
       ResourceCompile:
         C:\Program Files (x86)\Windows Kits\8.0\bin\x86\rc.exe /l"0x0409" /nologo /fo"Debug\CanvasEngine.res" CanvasEngine.rc 
       Link:
         C:\Program Files (x86)\Microsoft Visual Studio 11.0\VC\bin\link.exe /ERRORREPORT:PROMPT /OUT:"C:\Users\weijin\Documents\GitHub\CanvasEngine\Debug\CanvasEngine.exe" /INCREMENTAL /NOLOGO SDL2.lib SDL2main.lib SDL2_image.lib SDL2_ttf.lib glew32.lib opengl32.lib glu32.lib assimp.lib Dwmapi.lib libfbxsdk.lib freetype240MT_D.lib comctl32.lib Gdiplus.lib Msimg32.lib kernel32.lib user32.lib gdi32.lib winspool.lib comdlg32.lib advapi32.lib shell32.lib ole32.lib oleaut32.lib uuid.lib odbc32.lib odbccp32.lib /MANIFEST /MANIFESTUAC:"level='asInvoker' uiAccess='false'" /manifest:embed /DEBUG /PDB:"C:\Users\weijin\Documents\GitHub\CanvasEngine\Debug\CanvasEngine.pdb" /SUBSYSTEM:WINDOWS /TLBID:1 /DYNAMICBASE /NXCOMPAT /IMPLIB:"C:\Users\weijin\Documents\GitHub\CanvasEngine\Debug\CanvasEngine.lib" /MACHINE:X86 Debug\CanvasEngine.res
         Debug\Canvas.obj
         Debug\CVS_2DTools.obj
         Debug\CVS_GUI.obj
         Debug\CVS_RenderProgram.obj
         Debug\CVS_RenderSystem.obj
         Debug\CVS_Window.obj
         Debug\CVS_World.obj
         Debug\main.obj
         Debug\CVS_RenderComponent.obj
         CanvasEngine.vcxproj -> C:\Users\weijin\Documents\GitHub\CanvasEngine\Debug\CanvasEngine.exe
     1>Done Building Project "C:\Users\weijin\Documents\GitHub\CanvasEngine\CanvasEngine\CanvasEngine.vcxproj" (Build target(s)).

Build succeeded.

Time Elapsed 00:00:18.58
